<?xml version="1.0" encoding="UTF-8"?>
<testng-results ignored="0" total="1" passed="1" failed="0" skipped="0">
  <reporter-output>
  </reporter-output>
  <suite started-at="2022-09-01T11:41:05 PDT" name="Default suite" finished-at="2022-09-01T11:41:21 PDT" duration-ms="15224">
    <groups>
    </groups>
    <test started-at="2022-09-01T11:41:05 PDT" name="Default test" finished-at="2022-09-01T11:41:21 PDT" duration-ms="15224">
      <class name="TestCases.VerifySignUpTestcase">
        <test-method is-config="true" signature="launchBrowser()[pri:0, instance:TestCases.VerifySignUpTestcase@43195e57]" started-at="2022-09-01T11:41:05 PDT" name="launchBrowser" finished-at="2022-09-01T11:41:11 PDT" duration-ms="6044" status="PASS">
          <reporter-output>
          </reporter-output>
        </test-method> <!-- launchBrowser -->
        <test-method signature="SignUp()[pri:0, instance:TestCases.VerifySignUpTestcase@43195e57]" started-at="2022-09-01T11:41:11 PDT" name="SignUp" finished-at="2022-09-01T11:41:20 PDT" duration-ms="8546" status="PASS">
          <reporter-output>
          </reporter-output>
        </test-method> <!-- SignUp -->
        <test-method is-config="true" signature="windowclose()[pri:0, instance:TestCases.VerifySignUpTestcase@43195e57]" started-at="2022-09-01T11:41:20 PDT" name="windowclose" finished-at="2022-09-01T11:41:21 PDT" duration-ms="572" status="PASS">
          <reporter-output>
          </reporter-output>
        </test-method> <!-- windowclose -->
      </class> <!-- TestCases.VerifySignUpTestcase -->
    </test> <!-- Default test -->
  </suite> <!-- Default suite -->
</testng-results>
